<?xml version="1.0" encoding="UTF-8"?>
<testsuite xmlns:xsi="http://www.w3.org/2001/XMLSchema-instance" xsi:noNamespaceSchemaLocation="https://maven.apache.org/surefire/maven-surefire-plugin/xsd/surefire-test-report-3.0.xsd" version="3.0" name="TaxServiceTest" time="0.042" tests="5" errors="0" skipped="0" failures="0">
  <properties>
[...]
</properties>
  <testcase name="testGetBestTaxRecord_PrioritizesDailyOverOthers" classname="TaxServiceTest" time="0.022"/>
  <testcase name="testGetBestTaxRecord_UsesMonthlyIfNoDaily" classname="TaxServiceTest" time="0.0"/>
  <testcase name="testAddTaxRecord_AddsSuccessfully" classname="TaxServiceTest" time="0.0"/>
  <testcase name="testGetBestTaxRecord_ReturnsNullIfNoMatch" classname="TaxServiceTest" time="0.001"/>
  <testcase name="testGetBestTaxRecord_UsesYearlyIfNoMonthlyOrDaily" classname="TaxServiceTest" time="0.002"/>
</testsuite>